{"numTotalTestSuites":214,"numPassedTestSuites":211,"numFailedTestSuites":3,"numPendingTestSuites":0,"numTotalTests":859,"numPassedTests":856,"numFailedTests":1,"numPendingTests":2,"numTodoTests":0,"snapshot":{"added":0,"failure":false,"filesAdded":0,"filesRemoved":0,"filesRemovedList":[],"filesUnmatched":0,"filesUpdated":0,"matched":0,"total":0,"unchecked":0,"uncheckedKeysByFile":[],"unmatched":0,"updated":0,"didUpdate":false},"startTime":1779383513733,"success":false,"testResults":[{"assertionResults":[{"ancestorTitles":["A11yAnnouncer"],"fullName":"A11yAnnouncer renders the message text","status":"passed","title":"renders the message text","duration":48.202485010027885,"failureMessages":[],"meta":{}},{"ancestorTitles":["A11yAnnouncer"],"fullName":"A11yAnnouncer has aria-live=\"polite\" for screen readers","status":"passed","title":"has aria-live=\"polite\" for screen readers","duration":6.668170005083084,"failureMessages":[],"meta":{}},{"ancestorTitles":["A11yAnnouncer"],"fullName":"A11yAnnouncer has role=\"status\" for accessibility","status":"passed","title":"has role=\"status\" for accessibility","duration":4.973825007677078,"failureMessages":[],"meta":{}},{"ancestorTitles":["A11yAnnouncer"],"fullName":"A11yAnnouncer uses sr-only class to visually hide","status":"passed","title":"uses sr-only class to visually hide","duration":5.57694499194622,"failureMessages":[],"meta":{}},{"ancestorTitles":["A11yAnnouncer"],"fullName":"A11yAnnouncer renders empty message gracefully","status":"passed","title":"renders empty message gracefully","duration":5.233512997627258,"failureMessages":[],"meta":{}}],"startTime":1779383531156,"endTime":1779383531227.2334,"status":"passed","message":"","name":"/home/diogo.freitas/dgo/Contopia/frontend/src/__tests__/A11yAnnouncer.test.jsx"},{"assertionResults":[{"ancestorTitles":["AddChapterButton"],"fullName":"AddChapterButton renders with add chapter label","status":"passed","title":"renders with add chapter label","duration":111.396758005023,"failureMessages":[],"meta":{}},{"ancestorTitles":["AddChapterButton"],"fullName":"AddChapterButton calls onAdd when clicked","status":"passed","title":"calls onAdd when clicked","duration":51.222788989543915,"failureMessages":[],"meta":{}},{"ancestorTitles":["AddChapterButton"],"fullName":"AddChapterButton is disabled when at 50-chapter limit","status":"passed","title":"is disabled when at 50-chapter limit","duration":67.8936460018158,"failureMessages":[],"meta":{}},{"ancestorTitles":["AddChapterButton"],"fullName":"AddChapterButton is disabled when isCreating is true","status":"passed","title":"is disabled when isCreating is true","duration":21.57956600189209,"failureMessages":[],"meta":{}},{"ancestorTitles":["AddChapterButton"],"fullName":"AddChapterButton is enabled when under limit and not creating","status":"passed","title":"is enabled when under limit and not creating","duration":12.77192498743534,"failureMessages":[],"meta":{}}],"startTime":1779383531553,"endTime":1779383531823.772,"status":"passed","message":"","name":"/home/diogo.freitas/dgo/Contopia/frontend/src/__tests__/AddChapterButton.test.jsx"},{"assertionResults":[{"ancestorTitles":["App Routes — NewBookPage"],"fullName":"App Routes — NewBookPage renders NewBookPage at /editor/new route","status":"passed","title":"renders NewBookPage at /editor/new route","duration":93.90353800356388,"failureMessages":[],"meta":{}},{"ancestorTitles":["App Routes — NewBookPage"],"fullName":"App Routes — NewBookPage renders ShelfPage at /shelf route","status":"passed","title":"renders ShelfPage at /shelf route","duration":20.423331007361412,"failureMessages":[],"meta":{}}],"startTime":1779383524075,"endTime":1779383524189.4233,"status":"passed","message":"","name":"/home/diogo.freitas/dgo/Contopia/frontend/src/__tests__/AppRoutes.test.jsx"},{"assertionResults":[{"ancestorTitles":["AutoSaveIndicator"],"fullName":"AutoSaveIndicator shows saving status when saveStatus is saving","status":"passed","title":"shows saving status when saveStatus is saving","duration":87.98311799764633,"failureMessages":[],"meta":{}},{"ancestorTitles":["AutoSaveIndicator"],"fullName":"AutoSaveIndicator shows saved status when saveStatus is saved","status":"passed","title":"shows saved status when saveStatus is saved","duration":9.365225002169609,"failureMessages":[],"meta":{}},{"ancestorTitles":["AutoSaveIndicator"],"fullName":"AutoSaveIndicator shows offline status when saveStatus is offline","status":"passed","title":"shows offline status when saveStatus is offline","duration":8.44013600051403,"failureMessages":[],"meta":{}},{"ancestorTitles":["AutoSaveIndicator"],"fullName":"AutoSaveIndicator shows error status when saveStatus is error","status":"passed","title":"shows error status when saveStatus is error","duration":10.389128997921944,"failureMessages":[],"meta":{}},{"ancestorTitles":["AutoSaveIndicator"],"fullName":"AutoSaveIndicator shows conflict status when saveStatus is conflict","status":"passed","title":"shows conflict status when saveStatus is conflict","duration":8.263653010129929,"failureMessages":[],"meta":{}},{"ancestorTitles":["AutoSaveIndicator"],"fullName":"AutoSaveIndicator shows saved timestamp when saveStatus is idle with lastSavedAt","status":"passed","title":"shows saved timestamp when saveStatus is idle with lastSavedAt","duration":90.25958299636841,"failureMessages":[],"meta":{}},{"ancestorTitles":["AutoSaveIndicator"],"fullName":"AutoSaveIndicator renders minimal output when saveStatus is idle with no lastSavedAt","status":"passed","title":"renders minimal output when saveStatus is idle with no lastSavedAt","duration":3.3525629937648773,"failureMessages":[],"meta":{}},{"ancestorTitles":["AutoSaveIndicator"],"fullName":"AutoSaveIndicator uses custom offlineMessage when provided","status":"passed","title":"uses custom offlineMessage when provided","duration":7.126195996999741,"failureMessages":[],"meta":{}},{"ancestorTitles":["AutoSaveIndicator"],"fullName":"AutoSaveIndicator fades out after saved status","status":"passed","title":"fades out after saved status","duration":9.481769993901253,"failureMessages":[],"meta":{}},{"ancestorTitles":["AutoSaveIndicator"],"fullName":"AutoSaveIndicator prioritizes different states via saveStatus","status":"passed","title":"prioritizes different states via saveStatus","duration":15.080874010920525,"failureMessages":[],"meta":{}},{"ancestorTitles":["AutoSaveIndicator"],"fullName":"AutoSaveIndicator has aria-live=\"polite\" for screen reader announcements","status":"passed","title":"has aria-live=\"polite\" for screen reader announcements","duration":9.016277000308037,"failureMessages":[],"meta":{}},{"ancestorTitles":["AutoSaveIndicator"],"fullName":"AutoSaveIndicator visible indicator is aria-hidden for screen readers","status":"passed","title":"visible indicator is aria-hidden for screen readers","duration":7.205068007111549,"failureMessages":[],"meta":{}},{"ancestorTitles":["AutoSaveIndicator"],"fullName":"AutoSaveIndicator debounces screen reader announcements","status":"passed","title":"debounces screen reader announcements","duration":12.072291001677513,"failureMessages":[],"meta":{}},{"ancestorTitles":["AutoSaveIndicator"],"fullName":"AutoSaveIndicator shows conflict info as sr-only when provided","status":"passed","title":"shows conflict info as sr-only when provided","duration":5.562373995780945,"failureMessages":[],"meta":{}},{"ancestorTitles":["AutoSaveIndicator"],"fullName":"AutoSaveIndicator reserves space in indicator wrapper to prevent CLS","status":"passed","title":"reserves space in indicator wrapper to prevent CLS","duration":5.424654006958008,"failureMessages":[],"meta":{}},{"ancestorTitles":["AutoSaveIndicator"],"fullName":"AutoSaveIndicator renders indicator wrapper with reserved min-height for no CLS","status":"passed","title":"renders indicator wrapper with reserved min-height for no CLS","duration":4.317102998495102,"failureMessages":[],"meta":{}},{"ancestorTitles":["AutoSaveIndicator"],"fullName":"AutoSaveIndicator renders proper idle state with lastSavedAt time","status":"passed","title":"renders proper idle state with lastSavedAt time","duration":8.466213002800941,"failureMessages":[],"meta":{}},{"ancestorTitles":["AutoSaveIndicator"],"fullName":"AutoSaveIndicator handles undefined conflictInfo gracefully","status":"passed","title":"handles undefined conflictInfo gracefully","duration":9.819196000695229,"failureMessages":[],"meta":{}},{"ancestorTitles":["AutoSaveIndicator"],"fullName":"AutoSaveIndicator renders indicator in saved state with fade-in animation","status":"passed","title":"renders indicator in saved state with fade-in animation","duration":11.776628002524376,"failureMessages":[],"meta":{}},{"ancestorTitles":["AutoSaveIndicator"],"fullName":"AutoSaveIndicator renders indicator with online offline class","status":"passed","title":"renders indicator with online offline class","duration":4.923443987965584,"failureMessages":[],"meta":{}},{"ancestorTitles":["AutoSaveIndicator"],"fullName":"AutoSaveIndicator renders indicator with conflict class","status":"passed","title":"renders indicator with conflict class","duration":4.366875991225243,"failureMessages":[],"meta":{}}],"startTime":1779383519123,"endTime":1779383519456.367,"status":"passed","message":"","name":"/home/diogo.freitas/dgo/Contopia/frontend/src/__tests__/AutoSaveIndicator.test.jsx"},{"assertionResults":[{"ancestorTitles":["BookSpine"],"fullName":"BookSpine renders the book title","status":"passed","title":"renders the book title","duration":61.31600099802017,"failureMessages":[],"meta":{}},{"ancestorTitles":["BookSpine"],"fullName":"BookSpine has aria-label via i18n","status":"passed","title":"has aria-label via i18n","duration":56.18772800266743,"failureMessages":[],"meta":{}},{"ancestorTitles":["BookSpine"],"fullName":"BookSpine sets backgroundColor from spineColor prop","status":"passed","title":"sets backgroundColor from spineColor prop","duration":9.811241999268532,"failureMessages":[],"meta":{}},{"ancestorTitles":["BookSpine"],"fullName":"BookSpine falls back to computed color when spineColor is missing","status":"passed","title":"falls back to computed color when spineColor is missing","duration":12.36930599808693,"failureMessages":[],"meta":{}},{"ancestorTitles":["BookSpine"],"fullName":"BookSpine calls onClick when clicked","status":"passed","title":"calls onClick when clicked","duration":12.97138799726963,"failureMessages":[],"meta":{}},{"ancestorTitles":["BookSpine"],"fullName":"BookSpine has WCAG min-width/height via className (48px for touch targets)","status":"passed","title":"has WCAG min-width/height via className (48px for touch targets)","duration":7.136471003293991,"failureMessages":[],"meta":{}},{"ancestorTitles":["BookSpine"],"fullName":"BookSpine has focus ring classes for a11y","status":"passed","title":"has focus ring classes for a11y","duration":6.556850001215935,"failureMessages":[],"meta":{}},{"ancestorTitles":["BookSpine"],"fullName":"BookSpine accepts isPulledOut prop","status":"passed","title":"accepts isPulledOut prop","duration":4.713732987642288,"failureMessages":[],"meta":{}},{"ancestorTitles":["BookSpine"],"fullName":"BookSpine has aria-expanded attribute when isPulledOut is true","status":"passed","title":"has aria-expanded attribute when isPulledOut is true","duration":8.119617998600006,"failureMessages":[],"meta":{}},{"ancestorTitles":["BookSpine"],"fullName":"BookSpine has aria-expanded=\"false\" when isPulledOut is false","status":"passed","title":"has aria-expanded=\"false\" when isPulledOut is false","duration":7.161645993590355,"failureMessages":[],"meta":{}},{"ancestorTitles":["BookSpine"],"fullName":"BookSpine has aria-expanded=\"false\" when isPulledOut is not provided","status":"passed","title":"has aria-expanded=\"false\" when isPulledOut is not provided","duration":7.285568997263908,"failureMessages":[],"meta":{}},{"ancestorTitles":["BookSpine"],"fullName":"BookSpine Enter key calls onPullOut callback","status":"passed","title":"Enter key calls onPullOut callback","duration":8.45303799211979,"failureMessages":[],"meta":{}},{"ancestorTitles":["BookSpine"],"fullName":"BookSpine has elevated z-index and shadow style when pulled out","status":"passed","title":"has elevated z-index and shadow style when pulled out","duration":7.40395300090313,"failureMessages":[],"meta":{}},{"ancestorTitles":["BookSpine"],"fullName":"BookSpine does not have elevated styles when not pulled out","status":"passed","title":"does not have elevated styles when not pulled out","duration":6.531745001673698,"failureMessages":[],"meta":{}},{"ancestorTitles":["BookSpine","STORY-013: settle-back transition"],"fullName":"BookSpine STORY-013: settle-back transition has CSS transition when not pulled out","status":"passed","title":"has CSS transition when not pulled out","duration":5.838614001870155,"failureMessages":[],"meta":{}},{"ancestorTitles":["BookSpine","STORY-013: settle-back transition"],"fullName":"BookSpine STORY-013: settle-back transition has no CSS transition when pulled out","status":"passed","title":"has no CSS transition when pulled out","duration":21.79382500052452,"failureMessages":[],"meta":{}},{"ancestorTitles":["BookSpine","STORY-013: settle-back transition"],"fullName":"BookSpine STORY-013: settle-back transition transition is \"none\" when reduced motion is enabled","status":"passed","title":"transition is \"none\" when reduced motion is enabled","duration":8.558012008666992,"failureMessages":[],"meta":{}},{"ancestorTitles":["BookSpine","STORY-013: settle-back transition"],"fullName":"BookSpine STORY-013: settle-back transition transition has 300ms duration when reduced motion is disabled","status":"passed","title":"transition has 300ms duration when reduced motion is disabled","duration":10.62024900317192,"failureMessages":[],"meta":{}}],"startTime":1779383519228,"endTime":1779383519491.6204,"status":"passed","message":"","name":"/home/diogo.freitas/dgo/Contopia/frontend/src/__tests__/BookSpine.test.jsx"},{"assertionResults":[{"ancestorTitles":["BookSpine (reduced motion)"],"fullName":"BookSpine (reduced motion) renders without motion wrapper when prefers-reduced-motion is set","status":"passed","title":"renders without motion wrapper when prefers-reduced-motion is set","duration":1267.3454039990902,"failureMessages":[],"meta":{}},{"ancestorTitles":["BookSpine (reduced motion)"],"fullName":"BookSpine (reduced motion) has correct a11y attributes when reduced motion is enabled","status":"passed","title":"has correct a11y attributes when reduced motion is enabled","duration":80.192650988698,"failureMessages":[],"meta":{}},{"ancestorTitles":["BookSpine (reduced motion)"],"fullName":"BookSpine (reduced motion) has aria-expanded=\"true\" when pulled out (reduced motion)","status":"passed","title":"has aria-expanded=\"true\" when pulled out (reduced motion)","duration":53.9650259912014,"failureMessages":[],"meta":{}}],"startTime":1779383527982,"endTime":1779383529383.965,"status":"passed","message":"","name":"/home/diogo.freitas/dgo/Contopia/frontend/src/__tests__/BookSpineReducedMotion.test.jsx"},{"assertionResults":[{"ancestorTitles":["BookshelfGrid"],"fullName":"BookshelfGrid renders section with aria-label","status":"passed","title":"renders section with aria-label","duration":104.65983998775482,"failureMessages":[],"meta":{}},{"ancestorTitles":["BookshelfGrid"],"fullName":"BookshelfGrid renders section even when books is empty","status":"passed","title":"renders section even when books is empty","duration":7.321486994624138,"failureMessages":[],"meta":{}},{"ancestorTitles":["BookshelfGrid"],"fullName":"BookshelfGrid clicking a book spine triggers onBookClick","status":"passed","title":"clicking a book spine triggers onBookClick","duration":50.17524699866772,"failureMessages":[],"meta":{}},{"ancestorTitles":["BookshelfGrid"],"fullName":"BookshelfGrid toggles pull-out state when clicking a book spine","status":"passed","title":"toggles pull-out state when clicking a book spine","duration":25.63560900092125,"failureMessages":[],"meta":{}},{"ancestorTitles":["BookshelfGrid"],"fullName":"BookshelfGrid clicking a different book switches pulled-out book","status":"passed","title":"clicking a different book switches pulled-out book","duration":29.021521002054214,"failureMessages":[],"meta":{}},{"ancestorTitles":["BookshelfGrid"],"fullName":"BookshelfGrid dismisses overlay when backdrop is clicked","status":"passed","title":"dismisses overlay when backdrop is clicked","duration":23.0433129966259,"failureMessages":[],"meta":{}},{"ancestorTitles":["BookshelfGrid","CoverOverlay integration (STORY-012)"],"fullName":"BookshelfGrid CoverOverlay integration (STORY-012) cover overlay opens when onViewCover is triggered from pulled-out book","status":"passed","title":"cover overlay opens when onViewCover is triggered from pulled-out book","duration":35.18760301172733,"failureMessages":[],"meta":{}},{"ancestorTitles":["BookshelfGrid","CoverOverlay integration (STORY-012)"],"fullName":"BookshelfGrid CoverOverlay integration (STORY-012) cover overlay closes when onClose is called","status":"passed","title":"cover overlay closes when onClose is called","duration":35.85725198686123,"failureMessages":[],"meta":{}},{"ancestorTitles":["BookshelfGrid","CoverOverlay integration (STORY-012)"],"fullName":"BookshelfGrid CoverOverlay integration (STORY-012) closing cover overlay returns to pulled-out state (book still pulled out)","status":"passed","title":"closing cover overlay returns to pulled-out state (book still pulled out)","duration":43.494102001190186,"failureMessages":[],"meta":{}},{"ancestorTitles":["BookshelfGrid","CoverOverlay integration (STORY-012)"],"fullName":"BookshelfGrid CoverOverlay integration (STORY-012) dismissing pulled-out overlay also closes cover overlay","status":"passed","title":"dismissing pulled-out overlay also closes cover overlay","duration":38.104917004704475,"failureMessages":[],"meta":{}},{"ancestorTitles":["BookshelfGrid","STORY-013: place-back flow"],"fullName":"BookshelfGrid STORY-013: place-back flow place-back button triggers place-back flow","status":"passed","title":"place-back button triggers place-back flow","duration":35.35952900350094,"failureMessages":[],"meta":{}},{"ancestorTitles":["BookshelfGrid","STORY-013: place-back flow"],"fullName":"BookshelfGrid STORY-013: place-back flow closing cover overlay does NOT trigger place-back","status":"passed","title":"closing cover overlay does NOT trigger place-back","duration":55.06138399243355,"failureMessages":[],"meta":{}},{"ancestorTitles":["BookshelfGrid","STORY-013: place-back flow"],"fullName":"BookshelfGrid STORY-013: place-back flow rapid pull-out and place-back cycles do not stack","status":"passed","title":"rapid pull-out and place-back cycles do not stack","duration":40.51790900528431,"failureMessages":[],"meta":{}},{"ancestorTitles":["BookshelfGrid","STORY-015: Default Sorting & Book Placement"],"fullName":"BookshelfGrid STORY-015: Default Sorting & Book Placement renders books in API response order without re-sorting (AC-5)","status":"passed","title":"renders books in API response order without re-sorting (AC-5)","duration":12.22307600080967,"failureMessages":[],"meta":{}},{"ancestorTitles":["BookshelfGrid","STORY-015: Default Sorting & Book Placement"],"fullName":"BookshelfGrid STORY-015: Default Sorting & Book Placement has no sort UI controls (AC-3)","status":"passed","title":"has no sort UI controls (AC-3)","duration":90.68002600967884,"failureMessages":[],"meta":{}},{"ancestorTitles":["BookshelfGrid","STORY-015: Default Sorting & Book Placement"],"fullName":"BookshelfGrid STORY-015: Default Sorting & Book Placement renders books in API response order (AC-5: no client-side re-sort)","status":"passed","title":"renders books in API response order (AC-5: no client-side re-sort)","duration":12.694345995783806,"failureMessages":[],"meta":{}},{"ancestorTitles":["BookshelfGrid","STORY-014: Responsive Layout"],"fullName":"BookshelfGrid STORY-014: Responsive Layout container has responsive padding classes","status":"passed","title":"container has responsive padding classes","duration":10.406956002116203,"failureMessages":[],"meta":{}},{"ancestorTitles":["BookshelfGrid","STORY-014: Responsive Layout"],"fullName":"BookshelfGrid STORY-014: Responsive Layout container is centered on desktop with max-width","status":"passed","title":"container is centered on desktop with max-width","duration":8.845833003520966,"failureMessages":[],"meta":{}},{"ancestorTitles":["BookshelfGrid","STORY-014: Responsive Layout"],"fullName":"BookshelfGrid STORY-014: Responsive Layout uses useDebouncedResize hook for viewport detection","status":"passed","title":"uses useDebouncedResize hook for viewport detection","duration":4.785434007644653,"failureMessages":[],"meta":{}}],"startTime":1779383515830,"endTime":1779383516495.7854,"status":"passed","message":"","name":"/home/diogo.freitas/dgo/Contopia/frontend/src/__tests__/BookshelfGrid.test.jsx"},{"assertionResults":[{"ancestorTitles":["BookshelfGridLayout"],"fullName":"BookshelfGridLayout shows loading state with aria-busy skeleton","status":"passed","title":"shows loading state with aria-busy skeleton","duration":41.421406000852585,"failureMessages":[],"meta":{}},{"ancestorTitles":["BookshelfGridLayout"],"fullName":"BookshelfGridLayout shows error state on error","status":"passed","title":"shows error state on error","duration":27.59196698665619,"failureMessages":[],"meta":{}},{"ancestorTitles":["BookshelfGridLayout"],"fullName":"BookshelfGridLayout shows empty state when data is empty","status":"passed","title":"shows empty state when data is empty","duration":70.41417200863361,"failureMessages":[],"meta":{}},{"ancestorTitles":["BookshelfGridLayout"],"fullName":"BookshelfGridLayout shows books grid with books on success","status":"passed","title":"shows books grid with books on success","duration":6.023584008216858,"failureMessages":[],"meta":{}},{"ancestorTitles":["BookshelfGridLayout"],"fullName":"BookshelfGridLayout passes highlightBookId to BookshelfGrid","status":"passed","title":"passes highlightBookId to BookshelfGrid","duration":7.2702880054712296,"failureMessages":[],"meta":{}},{"ancestorTitles":["BookshelfGridLayout"],"fullName":"BookshelfGridLayout does not attempt scroll/focus when highlightBookId is not provided","status":"passed","title":"does not attempt scroll/focus when highlightBookId is not provided","duration":5.4402530044317245,"failureMessages":[],"meta":{}},{"ancestorTitles":["BookshelfGridLayout"],"fullName":"BookshelfGridLayout calls scrollIntoView when highlightBookId is provided","status":"passed","title":"calls scrollIntoView when highlightBookId is provided","duration":4.744048997759819,"failureMessages":[],"meta":{}},{"ancestorTitles":["BookshelfGridLayout"],"fullName":"BookshelfGridLayout has no sort UI controls (AC-3: no sort UI in MVP)","status":"passed","title":"has no sort UI controls (AC-3: no sort UI in MVP)","duration":6.238637000322342,"failureMessages":[],"meta":{}}],"startTime":1779383520707,"endTime":1779383520877.2385,"status":"passed","message":"","name":"/home/diogo.freitas/dgo/Contopia/frontend/src/__tests__/BookshelfGridLayout.test.jsx"},{"assertionResults":[{"ancestorTitles":["CelebrationOverlay"],"fullName":"CelebrationOverlay renders 7 celebration particles","status":"passed","title":"renders 7 celebration particles","duration":195.21510100364685,"failureMessages":[],"meta":{}},{"ancestorTitles":["CelebrationOverlay"],"fullName":"CelebrationOverlay is hidden from screen readers (aria-hidden)","status":"passed","title":"is hidden from screen readers (aria-hidden)","duration":43.770769000053406,"failureMessages":[],"meta":{}},{"ancestorTitles":["CelebrationOverlay"],"fullName":"CelebrationOverlay returns null when prefers-reduced-motion is active","status":"passed","title":"returns null when prefers-reduced-motion is active","duration":9.741459995508194,"failureMessages":[],"meta":{}},{"ancestorTitles":["CelebrationOverlay"],"fullName":"CelebrationOverlay hides after 2500ms","status":"passed","title":"hides after 2500ms","duration":85.74413600564003,"failureMessages":[],"meta":{}},{"ancestorTitles":["CelebrationOverlay"],"fullName":"CelebrationOverlay has pointer-events-none class","status":"passed","title":"has pointer-events-none class","duration":16.08712600171566,"failureMessages":[],"meta":{}}],"startTime":1779383528621,"endTime":1779383528971.0872,"status":"passed","message":"","name":"/home/diogo.freitas/dgo/Contopia/frontend/src/__tests__/CelebrationOverlay.test.jsx"},{"assertionResults":[{"ancestorTitles":["ChapterEditor"],"fullName":"ChapterEditor renders chapter title when chapter is provided","status":"passed","title":"renders chapter title when chapter is provided","duration":71.1286109983921,"failureMessages":[],"meta":{}},{"ancestorTitles":["ChapterEditor"],"fullName":"ChapterEditor renders empty state message when no chapter","status":"passed","title":"renders empty state message when no chapter","duration":3.12364299595356,"failureMessages":[],"meta":{}},{"ancestorTitles":["ChapterEditor"],"fullName":"ChapterEditor renders undefined chapter as empty state","status":"passed","title":"renders undefined chapter as empty state","duration":2.703900992870331,"failureMessages":[],"meta":{}},{"ancestorTitles":["ChapterEditor"],"fullName":"ChapterEditor renders TipTap editor when chapter exists","status":"passed","title":"renders TipTap editor when chapter exists","duration":9.657053008675575,"failureMessages":[],"meta":{}},{"ancestorTitles":["ChapterEditor"],"fullName":"ChapterEditor renders auto save indicator when chapter exists","status":"passed","title":"renders auto save indicator when chapter exists","duration":6.962576001882553,"failureMessages":[],"meta":{}},{"ancestorTitles":["ChapterEditor"],"fullName":"ChapterEditor renders EditorToolbar when editor instance is available","status":"passed","title":"renders EditorToolbar when editor instance is available","duration":5.82506999373436,"failureMessages":[],"meta":{}},{"ancestorTitles":["ChapterEditor"],"fullName":"ChapterEditor passes chapter content and id to TipTapEditor","status":"passed","title":"passes chapter content and id to TipTapEditor","duration":6.098715007305145,"failureMessages":[],"meta":{}},{"ancestorTitles":["ChapterEditor"],"fullName":"ChapterEditor calls useAutoSave with correct props","status":"passed","title":"calls useAutoSave with correct props","duration":10.538755998015404,"failureMessages":[],"meta":{}},{"ancestorTitles":["ChapterEditor"],"fullName":"ChapterEditor calls useDraftRecovery with correct props","status":"passed","title":"calls useDraftRecovery with correct props","duration":6.2049870043993,"failureMessages":[],"meta":{}},{"ancestorTitles":["ChapterEditor"],"fullName":"ChapterEditor passes saveStatus to AutoSaveIndicator","status":"passed","title":"passes saveStatus to AutoSaveIndicator","duration":5.104518994688988,"failureMessages":[],"meta":{}},{"ancestorTitles":["ChapterEditor"],"fullName":"ChapterEditor updates content through useAutoSave hook when content changes","status":"passed","title":"updates content through useAutoSave hook when content changes","duration":8.147864997386932,"failureMessages":[],"meta":{}},{"ancestorTitles":["ChapterEditor"],"fullName":"ChapterEditor shows draft recovery banner when hasDraft is true and not auto-restored","status":"passed","title":"shows draft recovery banner when hasDraft is true and not auto-restored","duration":9.39317099750042,"failureMessages":[],"meta":{}},{"ancestorTitles":["ChapterEditor"],"fullName":"ChapterEditor restores draft content when shouldRestore is true","status":"passed","title":"restores draft content when shouldRestore is true","duration":13.090756997466087,"failureMessages":[],"meta":{}},{"ancestorTitles":["ChapterEditor"],"fullName":"ChapterEditor clears state on chapter change","status":"passed","title":"clears state on chapter change","duration":11.368272006511688,"failureMessages":[],"meta":{}},{"ancestorTitles":["ChapterEditor"],"fullName":"ChapterEditor populates aria-live region when toolbar announces formatting action","status":"passed","title":"populates aria-live region when toolbar announces formatting action","duration":51.045054003596306,"failureMessages":[],"meta":{}},{"ancestorTitles":["ChapterEditor"],"fullName":"ChapterEditor cleans up announcement timer on unmount","status":"passed","title":"cleans up announcement timer on unmount","duration":6.089782997965813,"failureMessages":[],"meta":{}},{"ancestorTitles":["ChapterEditor"],"fullName":"ChapterEditor shows draft recovery banner with conflict warning","status":"passed","title":"shows draft recovery banner with conflict warning","duration":9.705008998513222,"failureMessages":[],"meta":{}},{"ancestorTitles":["ChapterEditor"],"fullName":"ChapterEditor calls restoreDraft when \"Restore\" button is clicked","status":"passed","title":"calls restoreDraft when \"Restore\" button is clicked","duration":14.90267799794674,"failureMessages":[],"meta":{}},{"ancestorTitles":["ChapterEditor"],"fullName":"ChapterEditor calls discardDraft when \"Discard\" button is clicked","status":"passed","title":"calls discardDraft when \"Discard\" button is clicked","duration":8.273036986589432,"failureMessages":[],"meta":{}},{"ancestorTitles":["ChapterEditor"],"fullName":"ChapterEditor shows restored content in editor when restoreDraft returns content","status":"passed","title":"shows restored content in editor when restoreDraft returns content","duration":15.39980399608612,"failureMessages":[],"meta":{}},{"ancestorTitles":["ChapterEditor"],"fullName":"ChapterEditor uses serverVersion in autosave from chapter.updatedAt","status":"passed","title":"uses serverVersion in autosave from chapter.updatedAt","duration":3.597562998533249,"failureMessages":[],"meta":{}},{"ancestorTitles":["ChapterEditor"],"fullName":"ChapterEditor disables autosave when chapter is null","status":"passed","title":"disables autosave when chapter is null","duration":3.8241090029478073,"failureMessages":[],"meta":{}}],"startTime":1779383515447,"endTime":1779383515729.8242,"status":"passed","message":"","name":"/home/diogo.freitas/dgo/Contopia/frontend/src/__tests__/ChapterEditor.test.jsx"},{"assertionResults":[{"ancestorTitles":["ChapterListItem"],"fullName":"ChapterListItem renders chapter title","status":"passed","title":"renders chapter title","duration":69.31888599693775,"failureMessages":[],"meta":{}},{"ancestorTitles":["ChapterListItem"],"fullName":"ChapterListItem has correct aria-label with position","status":"passed","title":"has correct aria-label with position","duration":77.8905059993267,"failureMessages":[],"meta":{}},{"ancestorTitles":["ChapterListItem"],"fullName":"ChapterListItem applies active styling when isActive is true","status":"passed","title":"applies active styling when isActive is true","duration":11.79849299788475,"failureMessages":[],"meta":{}},{"ancestorTitles":["ChapterListItem"],"fullName":"ChapterListItem calls onSelect when clicked","status":"passed","title":"calls onSelect when clicked","duration":53.31318399310112,"failureMessages":[],"meta":{}},{"ancestorTitles":["ChapterListItem"],"fullName":"ChapterListItem calls onSelect on Enter key","status":"passed","title":"calls onSelect on Enter key","duration":25.21703401207924,"failureMessages":[],"meta":{}},{"ancestorTitles":["ChapterListItem"],"fullName":"ChapterListItem renders delete button","status":"passed","title":"renders delete button","duration":8.895898997783661,"failureMessages":[],"meta":{}},{"ancestorTitles":["ChapterListItem"],"fullName":"ChapterListItem opens delete dialog when delete button clicked","status":"passed","title":"opens delete dialog when delete button clicked","duration":126.00109200179577,"failureMessages":[],"meta":{}},{"ancestorTitles":["ChapterListItem"],"fullName":"ChapterListItem renders reorder buttons","status":"passed","title":"renders reorder buttons","duration":10.469387993216515,"failureMessages":[],"meta":{}},{"ancestorTitles":["ChapterListItem"],"fullName":"ChapterListItem disables move up for first item (position 0)","status":"passed","title":"disables move up for first item (position 0)","duration":9.914303004741669,"failureMessages":[],"meta":{}},{"ancestorTitles":["ChapterListItem"],"fullName":"ChapterListItem disables move down for last item","status":"passed","title":"disables move down for last item","duration":8.705402001738548,"failureMessages":[],"meta":{}},{"ancestorTitles":["ChapterListItem"],"fullName":"ChapterListItem calls onMoveUp when up button clicked","status":"passed","title":"calls onMoveUp when up button clicked","duration":36.649506986141205,"failureMessages":[],"meta":{}},{"ancestorTitles":["ChapterListItem"],"fullName":"ChapterListItem calls onMoveDown when down button clicked","status":"passed","title":"calls onMoveDown when down button clicked","duration":41.30734100937843,"failureMessages":[],"meta":{}},{"ancestorTitles":["ChapterListItem"],"fullName":"ChapterListItem renders drag handle with correct aria-label","status":"passed","title":"renders drag handle with correct aria-label","duration":9.170216992497444,"failureMessages":[],"meta":{}},{"ancestorTitles":["ChapterListItem"],"fullName":"ChapterListItem calls onRename with chapterId and new title when InlineEditTitle saves","status":"passed","title":"calls onRename with chapterId and new title when InlineEditTitle saves","duration":239.02568900585175,"failureMessages":[],"meta":{}},{"ancestorTitles":["ChapterListItem"],"fullName":"ChapterListItem calls onDelete with chapterId when delete is confirmed in dialog","status":"passed","title":"calls onDelete with chapterId when delete is confirmed in dialog","duration":175.60100899636745,"failureMessages":[],"meta":{}},{"ancestorTitles":["ChapterListItem"],"fullName":"ChapterListItem closes delete dialog after confirming deletion","status":"passed","title":"closes delete dialog after confirming deletion","duration":161.52723298966885,"failureMessages":[],"meta":{}},{"ancestorTitles":["ChapterListItem"],"fullName":"ChapterListItem does not call onRename when title is empty after save","status":"passed","title":"does not call onRename when title is empty after save","duration":52.7351940125227,"failureMessages":[],"meta":{}},{"ancestorTitles":["ChapterListItem"],"fullName":"ChapterListItem has full opacity when not dragging","status":"passed","title":"has full opacity when not dragging","duration":8.876158997416496,"failureMessages":[],"meta":{}},{"ancestorTitles":["ChapterListItem"],"fullName":"ChapterListItem calls onSelect on Space key","status":"passed","title":"calls onSelect on Space key","duration":15.023306995630264,"failureMessages":[],"meta":{}},{"ancestorTitles":["ChapterListItem"],"fullName":"ChapterListItem disables move up and move down for single item","status":"passed","title":"disables move up and move down for single item","duration":11.394487008452415,"failureMessages":[],"meta":{}}],"startTime":1779383518279,"endTime":1779383519432.3945,"status":"passed","message":"","name":"/home/diogo.freitas/dgo/Contopia/frontend/src/__tests__/ChapterListItem.test.jsx"},{"assertionResults":[{"ancestorTitles":["ChapterSidebar"],"fullName":"ChapterSidebar renders sidebar with chapters","status":"passed","title":"renders sidebar with chapters","duration":71.2129479944706,"failureMessages":[],"meta":{}},{"ancestorTitles":["ChapterSidebar"],"fullName":"ChapterSidebar renders chapter navigation heading","status":"passed","title":"renders chapter navigation heading","duration":14.419688001275063,"failureMessages":[],"meta":{}},{"ancestorTitles":["ChapterSidebar"],"fullName":"ChapterSidebar shows empty state message when no chapters","status":"passed","title":"shows empty state message when no chapters","duration":8.728988990187645,"failureMessages":[],"meta":{}},{"ancestorTitles":["ChapterSidebar"],"fullName":"ChapterSidebar renders add chapter button","status":"passed","title":"renders add chapter button","duration":13.235970005393028,"failureMessages":[],"meta":{}},{"ancestorTitles":["ChapterSidebar"],"fullName":"ChapterSidebar marks active chapter item as active","status":"passed","title":"marks active chapter item as active","duration":15.71594600379467,"failureMessages":[],"meta":{}},{"ancestorTitles":["ChapterSidebar"],"fullName":"ChapterSidebar calls onAddChapter when add button clicked","status":"passed","title":"calls onAddChapter when add button clicked","duration":129.120890006423,"failureMessages":[],"meta":{}},{"ancestorTitles":["ChapterSidebar"],"fullName":"ChapterSidebar shows screen reader live region","status":"passed","title":"shows screen reader live region","duration":15.710540995001793,"failureMessages":[],"meta":{}},{"ancestorTitles":["ChapterSidebar"],"fullName":"ChapterSidebar passes isCreating to add button","status":"passed","title":"passes isCreating to add button","duration":12.29076099395752,"failureMessages":[],"meta":{}},{"ancestorTitles":["ChapterSidebar"],"fullName":"ChapterSidebar collapses sidebar when collapse button is clicked","status":"passed","title":"collapses sidebar when collapse button is clicked","duration":116.10864999890327,"failureMessages":[],"meta":{}},{"ancestorTitles":["ChapterSidebar"],"fullName":"ChapterSidebar expands collapsed sidebar when expand button is clicked","status":"passed","title":"expands collapsed sidebar when expand button is clicked","duration":92.69360199570656,"failureMessages":[],"meta":{}},{"ancestorTitles":["ChapterSidebar"],"fullName":"ChapterSidebar opens mobile drawer when mobile toggle button is clicked","status":"passed","title":"opens mobile drawer when mobile toggle button is clicked","duration":122.91733999550343,"failureMessages":[],"meta":{}},{"ancestorTitles":["ChapterSidebar"],"fullName":"ChapterSidebar calls reorderMutation.mutate on drag end with valid swap","status":"passed","title":"calls reorderMutation.mutate on drag end with valid swap","duration":9.120567008852959,"failureMessages":[],"meta":{}},{"ancestorTitles":["ChapterSidebar"],"fullName":"ChapterSidebar does not call reorderMutation when drag over is null","status":"passed","title":"does not call reorderMutation when drag over is null","duration":9.28839099407196,"failureMessages":[],"meta":{}},{"ancestorTitles":["ChapterSidebar"],"fullName":"ChapterSidebar does not call reorderMutation when active and over are the same","status":"passed","title":"does not call reorderMutation when active and over are the same","duration":6.587116003036499,"failureMessages":[],"meta":{}},{"ancestorTitles":["ChapterSidebar"],"fullName":"ChapterSidebar does not call reorderMutation when chapter IDs are not found in list","status":"passed","title":"does not call reorderMutation when chapter IDs are not found in list","duration":6.873209998011589,"failureMessages":[],"meta":{}},{"ancestorTitles":["ChapterSidebar"],"fullName":"ChapterSidebar calls reorderMutation when moving chapter up (non-first)","status":"passed","title":"calls reorderMutation when moving chapter up (non-first)","duration":35.03764098882675,"failureMessages":[],"meta":{}},{"ancestorTitles":["ChapterSidebar"],"fullName":"ChapterSidebar does not move up the first chapter (index 0)","status":"passed","title":"does not move up the first chapter (index 0)","duration":32.99870400130749,"failureMessages":[],"meta":{}},{"ancestorTitles":["ChapterSidebar"],"fullName":"ChapterSidebar calls reorderMutation when moving chapter down (non-last)","status":"passed","title":"calls reorderMutation when moving chapter down (non-last)","duration":34.07819800078869,"failureMessages":[],"meta":{}},{"ancestorTitles":["ChapterSidebar"],"fullName":"ChapterSidebar does not move down the last chapter","status":"passed","title":"does not move down the last chapter","duration":29.688666999340057,"failureMessages":[],"meta":{}},{"ancestorTitles":["ChapterSidebar"],"fullName":"ChapterSidebar calls onSelectChapter when a chapter is clicked","status":"passed","title":"calls onSelectChapter when a chapter is clicked","duration":27.49779300391674,"failureMessages":[],"meta":{}},{"ancestorTitles":["ChapterSidebar"],"fullName":"ChapterSidebar disables add chapter button when at 50 chapter limit","status":"passed","title":"disables add chapter button when at 50 chapter limit","duration":39.224738001823425,"failureMessages":[],"meta":{}},{"ancestorTitles":["ChapterSidebar"],"fullName":"ChapterSidebar enables add chapter button when under 50 chapters","status":"passed","title":"enables add chapter button when under 50 chapters","duration":12.150720000267029,"failureMessages":[],"meta":{}},{"ancestorTitles":["ChapterSidebar"],"fullName":"ChapterSidebar renders nothing in DndContext when chapters array is empty","status":"passed","title":"renders nothing in DndContext when chapters array is empty","duration":4.145517006516457,"failureMessages":[],"meta":{}},{"ancestorTitles":["ChapterSidebar"],"fullName":"ChapterSidebar closes mobile drawer when backdrop overlay is clicked","status":"passed","title":"closes mobile drawer when backdrop overlay is clicked","duration":84.18220600485802,"failureMessages":[],"meta":{}},{"ancestorTitles":["ChapterSidebar"],"fullName":"ChapterSidebar expands sidebar when expand button is clicked inside mobile drawer","status":"passed","title":"expands sidebar when expand button is clicked inside mobile drawer","duration":92.91538800299168,"failureMessages":[],"meta":{}}],"startTime":1779383515675,"endTime":1779383516711.9153,"status":"passed","message":"","name":"/home/diogo.freitas/dgo/Contopia/frontend/src/__tests__/ChapterSidebar.test.jsx"},{"assertionResults":[{"ancestorTitles":["CoverDisplay","rendering with DefaultCover fallback"],"fullName":"CoverDisplay rendering with DefaultCover fallback renders DefaultCover when coverUrl is null","status":"passed","title":"renders DefaultCover when coverUrl is null","duration":131.92670500278473,"failureMessages":[],"meta":{}},{"ancestorTitles":["CoverDisplay","rendering with DefaultCover fallback"],"fullName":"CoverDisplay rendering with DefaultCover fallback renders DefaultCover when coverUrl is undefined","status":"passed","title":"renders DefaultCover when coverUrl is undefined","duration":9.004943996667862,"failureMessages":[],"meta":{}},{"ancestorTitles":["CoverDisplay","rendering with DefaultCover fallback"],"fullName":"CoverDisplay rendering with DefaultCover fallback renders DefaultCover when coverUrl is empty string","status":"passed","title":"renders DefaultCover when coverUrl is empty string","duration":8.314687997102737,"failureMessages":[],"meta":{}},{"ancestorTitles":["CoverDisplay","rendering with DefaultCover fallback"],"fullName":"CoverDisplay rendering with DefaultCover fallback renders DefaultCover when sanitizeImageUrl returns empty string","status":"passed","title":"renders DefaultCover when sanitizeImageUrl returns empty string","duration":11.051146000623703,"failureMessages":[],"meta":{}},{"ancestorTitles":["CoverDisplay","rendering with DefaultCover fallback"],"fullName":"CoverDisplay rendering with DefaultCover fallback passes className to DefaultCover","status":"passed","title":"passes className to DefaultCover","duration":5.643743008375168,"failureMessages":[],"meta":{}},{"ancestorTitles":["CoverDisplay","rendering with image"],"fullName":"CoverDisplay rendering with image renders img tag with sanitized URL when coverUrl is valid","status":"passed","title":"renders img tag with sanitized URL when coverUrl is valid","duration":8.931593999266624,"failureMessages":[],"meta":{}},{"ancestorTitles":["CoverDisplay","rendering with image"],"fullName":"CoverDisplay rendering with image accepts https:// URLs","status":"passed","title":"accepts https:// URLs","duration":3.9418469965457916,"failureMessages":[],"meta":{}},{"ancestorTitles":["CoverDisplay","rendering with image"],"fullName":"CoverDisplay rendering with image accepts relative paths starting with /","status":"passed","title":"accepts relative paths starting with /","duration":3.8595589995384216,"failureMessages":[],"meta":{}},{"ancestorTitles":["CoverDisplay","rendering with image"],"fullName":"CoverDisplay rendering with image sets alt attribute to title","status":"passed","title":"sets alt attribute to title","duration":4.129969999194145,"failureMessages":[],"meta":{}},{"ancestorTitles":["CoverDisplay","rendering with image"],"fullName":"CoverDisplay rendering with image applies correct CSS classes to img","status":"passed","title":"applies correct CSS classes to img","duration":4.568655997514725,"failureMessages":[],"meta":{}},{"ancestorTitles":["CoverDisplay","rendering with image"],"fullName":"CoverDisplay rendering with image applies className prop to wrapper","status":"passed","title":"applies className prop to wrapper","duration":7.634773001074791,"failureMessages":[],"meta":{}},{"ancestorTitles":["CoverDisplay","rendering with image"],"fullName":"CoverDisplay rendering with image trims whitespace from URL before validation","status":"passed","title":"trims whitespace from URL before validation","duration":5.682218998670578,"failureMessages":[],"meta":{}},{"ancestorTitles":["CoverDisplay","loading and error states"],"fullName":"CoverDisplay loading and error states shows skeleton while image is loading","status":"passed","title":"shows skeleton while image is loading","duration":4.683457002043724,"failureMessages":[],"meta":{}},{"ancestorTitles":["CoverDisplay","loading and error states"],"fullName":"CoverDisplay loading and error states hides skeleton after image loads","status":"passed","title":"hides skeleton after image loads","duration":8.316582009196281,"failureMessages":[],"meta":{}},{"ancestorTitles":["CoverDisplay","loading and error states"],"fullName":"CoverDisplay loading and error states shows DefaultCover on image error","status":"passed","title":"shows DefaultCover on image error","duration":6.379721999168396,"failureMessages":[],"meta":{}},{"ancestorTitles":["CoverDisplay","loading and error states"],"fullName":"CoverDisplay loading and error states renders invisible class on img while loading","status":"passed","title":"renders invisible class on img while loading","duration":2.9993990063667297,"failureMessages":[],"meta":{}},{"ancestorTitles":["CoverDisplay","props handling"],"fullName":"CoverDisplay props handling renders without authorName","status":"passed","title":"renders without authorName","duration":3.2134959995746613,"failureMessages":[],"meta":{}},{"ancestorTitles":["CoverDisplay","props handling"],"fullName":"CoverDisplay props handling renders without className prop","status":"passed","title":"renders without className prop","duration":2.923101007938385,"failureMessages":[],"meta":{}},{"ancestorTitles":["CoverDisplay","props handling"],"fullName":"CoverDisplay props handling renders with empty title","status":"passed","title":"renders with empty title","duration":5.388396993279457,"failureMessages":[],"meta":{}},{"ancestorTitles":["CoverDisplay","props handling"],"fullName":"CoverDisplay props handling renders with null spineColor","status":"passed","title":"renders with null spineColor","duration":17.623836010694504,"failureMessages":[],"meta":{}},{"ancestorTitles":["CoverDisplay","sanitizeImageUrl usage"],"fullName":"CoverDisplay sanitizeImageUrl usage blocks javascript: URLs","status":"passed","title":"blocks javascript: URLs","duration":6.996131002902985,"failureMessages":[],"meta":{}},{"ancestorTitles":["CoverDisplay","sanitizeImageUrl usage"],"fullName":"CoverDisplay sanitizeImageUrl usage blocks data: URLs","status":"passed","title":"blocks data: URLs","duration":5.381941005587578,"failureMessages":[],"meta":{}},{"ancestorTitles":["CoverDisplay","sanitizeImageUrl usage"],"fullName":"CoverDisplay sanitizeImageUrl usage blocks http: URLs","status":"passed","title":"blocks http: URLs","duration":6.024507999420166,"failureMessages":[],"meta":{}},{"ancestorTitles":["CoverDisplay","sanitizeImageUrl usage"],"fullName":"CoverDisplay sanitizeImageUrl usage uses sanitizeImageUrl for URL validation","status":"passed","title":"uses sanitizeImageUrl for URL validation","duration":3.9620449990034103,"failureMessages":[],"meta":{}}],"startTime":1779383517666,"endTime":1779383517945.9622,"status":"passed","message":"","name":"/home/diogo.freitas/dgo/Contopia/frontend/src/__tests__/CoverDisplay.test.jsx"},{"assertionResults":[{"ancestorTitles":["CoverOverlay","rendering"],"fullName":"CoverOverlay rendering renders when isOpen=true and book provided","status":"passed","title":"renders when isOpen=true and book provided","duration":143.9095639884472,"failureMessages":[],"meta":{}},{"ancestorTitles":["CoverOverlay","rendering"],"fullName":"CoverOverlay rendering does not render when isOpen=false","status":"passed","title":"does not render when isOpen=false","duration":3.361083000898361,"failureMessages":[],"meta":{}},{"ancestorTitles":["CoverOverlay","rendering"],"fullName":"CoverOverlay rendering does not render when book is null","status":"passed","title":"does not render when book is null","duration":2.643321007490158,"failureMessages":[],"meta":{}},{"ancestorTitles":["CoverOverlay","rendering"],"fullName":"CoverOverlay rendering has role=\"dialog\" and aria-modal=\"true\"","status":"passed","title":"has role=\"dialog\" and aria-modal=\"true\"","duration":16.11632500588894,"failureMessages":[],"meta":{}},{"ancestorTitles":["CoverOverlay","rendering"],"fullName":"CoverOverlay rendering has aria-label with book title (interpolated from t key)","status":"passed","title":"has aria-label with book title (interpolated from t key)","duration":16.397718995809555,"failureMessages":[],"meta":{}},{"ancestorTitles":["CoverOverlay","rendering"],"fullName":"CoverOverlay rendering backdrop has aria-hidden=\"true\"","status":"passed","title":"backdrop has aria-hidden=\"true\"","duration":10.48072700202465,"failureMessages":[],"meta":{}},{"ancestorTitles":["CoverOverlay","rendering"],"fullName":"CoverOverlay rendering renders author name when provided","status":"passed","title":"renders author name when provided","duration":10.169215992093086,"failureMessages":[],"meta":{}},{"ancestorTitles":["CoverOverlay","rendering"],"fullName":"CoverOverlay rendering does not render author name when not provided","status":"passed","title":"does not render author name when not provided","duration":10.819863989949226,"failureMessages":[],"meta":{}},{"ancestorTitles":["CoverOverlay","rendering"],"fullName":"CoverOverlay rendering renders summary when provided","status":"passed","title":"renders summary when provided","duration":23.921943992376328,"failureMessages":[],"meta":{}},{"ancestorTitles":["CoverOverlay","rendering"],"fullName":"CoverOverlay rendering does not render summary when not provided","status":"passed","title":"does not render summary when not provided","duration":12.365038007497787,"failureMessages":[],"meta":{}},{"ancestorTitles":["CoverOverlay","rendering"],"fullName":"CoverOverlay rendering renders two action buttons","status":"passed","title":"renders two action buttons","duration":54.845750987529755,"failureMessages":[],"meta":{}},{"ancestorTitles":["CoverOverlay","interactions"],"fullName":"CoverOverlay interactions backdrop click calls onClose","status":"passed","title":"backdrop click calls onClose","duration":24.852103993296623,"failureMessages":[],"meta":{}},{"ancestorTitles":["CoverOverlay","interactions"],"fullName":"CoverOverlay interactions Escape key calls onClose","status":"passed","title":"Escape key calls onClose","duration":27.35836799442768,"failureMessages":[],"meta":{}},{"ancestorTitles":["CoverOverlay","interactions"],"fullName":"CoverOverlay interactions \"Read Book\" button calls onRead","status":"passed","title":"\"Read Book\" button calls onRead","duration":15.389524012804031,"failureMessages":[],"meta":{}},{"ancestorTitles":["CoverOverlay","interactions"],"fullName":"CoverOverlay interactions \"Close\" button calls onClose","status":"passed","title":"\"Close\" button calls onClose","duration":34.02111899852753,"failureMessages":[],"meta":{}},{"ancestorTitles":["CoverOverlay","interactions"],"fullName":"CoverOverlay interactions focus moves to first button on mount","status":"passed","title":"focus moves to first button on mount","duration":22.58466300368309,"failureMessages":[],"meta":{}},{"ancestorTitles":["CoverOverlay","interactions"],"fullName":"CoverOverlay interactions body has overflow:hidden when open","status":"passed","title":"body has overflow:hidden when open","duration":17.867248997092247,"failureMessages":[],"meta":{}},{"ancestorTitles":["CoverOverlay","interactions"],"fullName":"CoverOverlay interactions body overflow restored on close","status":"passed","title":"body overflow restored on close","duration":34.40409700572491,"failureMessages":[],"meta":{}},{"ancestorTitles":["CoverOverlay","keyboard navigation"],"fullName":"CoverOverlay keyboard navigation Tab wraps within modal (forward)","status":"passed","title":"Tab wraps within modal (forward)","duration":33.372829005122185,"failureMessages":[],"meta":{}},{"ancestorTitles":["CoverOverlay","keyboard navigation"],"fullName":"CoverOverlay keyboard navigation Tab wraps within modal (backward)","status":"passed","title":"Tab wraps within modal (backward)","duration":21.64834700524807,"failureMessages":[],"meta":{}},{"ancestorTitles":["CoverOverlay","keyboard navigation"],"fullName":"CoverOverlay keyboard navigation non-Tab keys pass through normally","status":"passed","title":"non-Tab keys pass through normally","duration":13.440254002809525,"failureMessages":[],"meta":{}},{"ancestorTitles":["CoverOverlay","keyboard navigation"],"fullName":"CoverOverlay keyboard navigation other Escape variants do not call onClose","status":"passed","title":"other Escape variants do not call onClose","duration":9.863251000642776,"failureMessages":[],"meta":{}},{"ancestorTitles":["CoverOverlay","fallback handling"],"fullName":"CoverOverlay fallback handling renders with DefaultCover when coverUrl is null","status":"passed","title":"renders with DefaultCover when coverUrl is null","duration":43.24812199175358,"failureMessages":[],"meta":{}},{"ancestorTitles":["CoverOverlay","fallback handling"],"fullName":"CoverOverlay fallback handling uses spineColor from ID when spineColor is missing","status":"passed","title":"uses spineColor from ID when spineColor is missing","duration":20.46052099764347,"failureMessages":[],"meta":{}},{"ancestorTitles":["CoverOverlay","fallback handling"],"fullName":"CoverOverlay fallback handling handles missing description gracefully","status":"passed","title":"handles missing description gracefully","duration":16.821727991104126,"failureMessages":[],"meta":{}},{"ancestorTitles":["CoverOverlay","STORY-014: Responsive Layout"],"fullName":"CoverOverlay STORY-014: Responsive Layout has responsive width (w-[90vw] max-w-sm)","status":"passed","title":"has responsive width (w-[90vw] max-w-sm)","duration":11.078253999352455,"failureMessages":[],"meta":{}}],"startTime":1779383515851,"endTime":1779383516504.0784,"status":"passed","message":"","name":"/home/diogo.freitas/dgo/Contopia/frontend/src/__tests__/CoverOverlay.test.jsx"},{"assertionResults":[{"ancestorTitles":["CoverOverlay (reduced motion)"],"fullName":"CoverOverlay (reduced motion) renders correctly with reduced motion","status":"passed","title":"renders correctly with reduced motion","duration":434.96673499047756,"failureMessages":[],"meta":{}},{"ancestorTitles":["CoverOverlay (reduced motion)"],"fullName":"CoverOverlay (reduced motion) has correct a11y attributes when reduced motion is enabled","status":"passed","title":"has correct a11y attributes when reduced motion is enabled","duration":19.207555010914803,"failureMessages":[],"meta":{}},{"ancestorTitles":["CoverOverlay (reduced motion)"],"fullName":"CoverOverlay (reduced motion) overlay still functions correctly (close button works)","status":"passed","title":"overlay still functions correctly (close button works)","duration":16.49168799817562,"failureMessages":[],"meta":{}},{"ancestorTitles":["CoverOverlay (reduced motion)"],"fullName":"CoverOverlay (reduced motion) overlay still functions correctly (read button works)","status":"passed","title":"overlay still functions correctly (read button works)","duration":10.801196992397308,"failureMessages":[],"meta":{}},{"ancestorTitles":["CoverOverlay (reduced motion)"],"fullName":"CoverOverlay (reduced motion) overlay still functions correctly (backdrop click closes)","status":"passed","title":"overlay still functions correctly (backdrop click closes)","duration":10.447480008006096,"failureMessages":[],"meta":{}},{"ancestorTitles":["CoverOverlay (reduced motion)"],"fullName":"CoverOverlay (reduced motion) overlay still functions correctly (escape key closes)","status":"passed","title":"overlay still functions correctly (escape key closes)","duration":9.210963994264603,"failureMessages":[],"meta":{}},{"ancestorTitles":["CoverOverlay (reduced motion)"],"fullName":"CoverOverlay (reduced motion) focus trap still works with reduced motion","status":"passed","title":"focus trap still works with reduced motion","duration":40.255136996507645,"failureMessages":[],"meta":{}},{"ancestorTitles":["CoverOverlay (reduced motion)"],"fullName":"CoverOverlay (reduced motion) does not render when isOpen=false","status":"passed","title":"does not render when isOpen=false","duration":7.25008599460125,"failureMessages":[],"meta":{}},{"ancestorTitles":["CoverOverlay (reduced motion)"],"fullName":"CoverOverlay (reduced motion) renders with DefaultCover when coverUrl is null","status":"passed","title":"renders with DefaultCover when coverUrl is null","duration":50.68292999267578,"failureMessages":[],"meta":{}}],"startTime":1779383519670,"endTime":1779383520269.6829,"status":"passed","message":"","name":"/home/diogo.freitas/dgo/Contopia/frontend/src/__tests__/CoverOverlayReducedMotion.test.jsx"},{"assertionResults":[{"ancestorTitles":["DefaultCover","rendering"],"fullName":"DefaultCover rendering renders title text","status":"passed","title":"renders title text","duration":91.80833199620247,"failureMessages":[],"meta":{}},{"ancestorTitles":["DefaultCover","rendering"],"fullName":"DefaultCover rendering renders author name with interpolation (coverOverlay.authorBy)","status":"passed","title":"renders author name with interpolation (coverOverlay.authorBy)","duration":7.990585997700691,"failureMessages":[],"meta":{}},{"ancestorTitles":["DefaultCover","rendering"],"fullName":"DefaultCover rendering does not render author when authorName is not provided","status":"passed","title":"does not render author when authorName is not provided","duration":6.524771004915237,"failureMessages":[],"meta":{}},{"ancestorTitles":["DefaultCover","rendering"],"fullName":"DefaultCover rendering does not render author when authorName is null","status":"passed","title":"does not render author when authorName is null","duration":5.379950001835823,"failureMessages":[],"meta":{}},{"ancestorTitles":["DefaultCover","rendering"],"fullName":"DefaultCover rendering does not render author when authorName is undefined","status":"passed","title":"does not render author when authorName is undefined","duration":5.284354001283646,"failureMessages":[],"meta":{}},{"ancestorTitles":["DefaultCover","rendering"],"fullName":"DefaultCover rendering has role=\"img\"","status":"passed","title":"has role=\"img\"","duration":48.237988993525505,"failureMessages":[],"meta":{}},{"ancestorTitles":["DefaultCover","rendering"],"fullName":"DefaultCover rendering has aria-label","status":"passed","title":"has aria-label","duration":9.861862003803253,"failureMessages":[],"meta":{}},{"ancestorTitles":["DefaultCover","rendering"],"fullName":"DefaultCover rendering has gradient background with spineColor","status":"passed","title":"has gradient background with spineColor","duration":8.131757989525795,"failureMessages":[],"meta":{}},{"ancestorTitles":["DefaultCover","rendering"],"fullName":"DefaultCover rendering applies className prop","status":"passed","title":"applies className prop","duration":3.9772190004587173,"failureMessages":[],"meta":{}},{"ancestorTitles":["DefaultCover","rendering"],"fullName":"DefaultCover rendering renders without className prop","status":"passed","title":"renders without className prop","duration":14.140425994992256,"failureMessages":[],"meta":{}},{"ancestorTitles":["DefaultCover","text styling"],"fullName":"DefaultCover text styling uses text-gray-800 for title (contrast)","status":"passed","title":"uses text-gray-800 for title (contrast)","duration":6.21526899933815,"failureMessages":[],"meta":{}},{"ancestorTitles":["DefaultCover","text styling"],"fullName":"DefaultCover text styling uses text-gray-600 for author (contrast)","status":"passed","title":"uses text-gray-600 for author (contrast)","duration":3.8263839930295944,"failureMessages":[],"meta":{}},{"ancestorTitles":["DefaultCover","text styling"],"fullName":"DefaultCover text styling title has correct font classes","status":"passed","title":"title has correct font classes","duration":3.372308000922203,"failureMessages":[],"meta":{}},{"ancestorTitles":["DefaultCover","text styling"],"fullName":"DefaultCover text styling author has correct font classes","status":"passed","title":"author has correct font classes","duration":3.25280199944973,"failureMessages":[],"meta":{}},{"ancestorTitles":["DefaultCover","edge cases"],"fullName":"DefaultCover edge cases renders with empty title","status":"passed","title":"renders with empty title","duration":11.00984600186348,"failureMessages":[],"meta":{}},{"ancestorTitles":["DefaultCover","edge cases"],"fullName":"DefaultCover edge cases renders with null title","status":"passed","title":"renders with null title","duration":6.738076999783516,"failureMessages":[],"meta":{}},{"ancestorTitles":["DefaultCover","edge cases"],"fullName":"DefaultCover edge cases renders with undefined title","status":"passed","title":"renders with undefined title","duration":6.679636001586914,"failureMessages":[],"meta":{}},{"ancestorTitles":["DefaultCover","edge cases"],"fullName":"DefaultCover edge cases renders with null spineColor","status":"passed","title":"renders with null spineColor","duration":3.925466001033783,"failureMessages":[],"meta":{}},{"ancestorTitles":["DefaultCover","edge cases"],"fullName":"DefaultCover edge cases renders with undefined spineColor","status":"passed","title":"renders with undefined spineColor","duration":3.3748140037059784,"failureMessages":[],"meta":{}},{"ancestorTitles":["DefaultCover","edge cases"],"fullName":"DefaultCover edge cases handles long title with line-clamp","status":"passed","title":"handles long title with line-clamp","duration":4.414983004331589,"failureMessages":[],"meta":{}},{"ancestorTitles":["DefaultCover","edge cases"],"fullName":"DefaultCover edge cases handles special characters in title","status":"passed","title":"handles special characters in title","duration":3.302267998456955,"failureMessages":[],"meta":{}},{"ancestorTitles":["DefaultCover","edge cases"],"fullName":"DefaultCover edge cases handles special characters in author name","status":"passed","title":"handles special characters in author name","duration":3.7778490036726,"failureMessages":[],"meta":{}},{"ancestorTitles":["DefaultCover","edge cases"],"fullName":"DefaultCover edge cases handles whitespace in props","status":"passed","title":"handles whitespace in props","duration":8.154350996017456,"failureMessages":[],"meta":{}},{"ancestorTitles":["DefaultCover","gradient background variations"],"fullName":"DefaultCover gradient background variations renders correct gradient for red color","status":"passed","title":"renders correct gradient for red color","duration":4.881760999560356,"failureMessages":[],"meta":{}},{"ancestorTitles":["DefaultCover","gradient background variations"],"fullName":"DefaultCover gradient background variations renders correct gradient for blue color","status":"passed","title":"renders correct gradient for blue color","duration":5.815081998705864,"failureMessages":[],"meta":{}},{"ancestorTitles":["DefaultCover","gradient background variations"],"fullName":"DefaultCover gradient background variations renders correct gradient for hex color with alpha","status":"passed","title":"renders correct gradient for hex color with alpha","duration":3.4372279942035675,"failureMessages":[],"meta":{}}],"startTime":1779383518081,"endTime":1779383518366.4373,"status":"passed","message":"","name":"/home/diogo.freitas/dgo/Contopia/frontend/src/__tests__/DefaultCover.test.jsx"},{"assertionResults":[{"ancestorTitles":["DeleteChapterDialog"],"fullName":"DeleteChapterDialog renders when isOpen is true","status":"passed","title":"renders when isOpen is true","duration":161.72265900671482,"failureMessages":[],"meta":{}},{"ancestorTitles":["DeleteChapterDialog"],"fullName":"DeleteChapterDialog does not render when isOpen is false","status":"passed","title":"does not render when isOpen is false","duration":5.645378991961479,"failureMessages":[],"meta":{}},{"ancestorTitles":["DeleteChapterDialog"],"fullName":"DeleteChapterDialog shows last chapter warning text when isLastChapter is true","status":"passed","title":"shows last chapter warning text when isLastChapter is true","duration":36.87213300168514,"failureMessages":[],"meta":{}},{"ancestorTitles":["DeleteChapterDialog"],"fullName":"DeleteChapterDialog shows confirm text with title when not last chapter","status":"passed","title":"shows confirm text with title when not last chapter","duration":15.28694400191307,"failureMessages":[],"meta":{}},{"ancestorTitles":["DeleteChapterDialog"],"fullName":"DeleteChapterDialog shows create replacement button when last chapter and handler provided","status":"passed","title":"shows create replacement button when last chapter and handler provided","duration":15.435818001627922,"failureMessages":[],"meta":{}},{"ancestorTitles":["DeleteChapterDialog"],"fullName":"DeleteChapterDialog calls onConfirm when confirm button clicked","status":"passed","title":"calls onConfirm when confirm button clicked","duration":218.97400599718094,"failureMessages":[],"meta":{}},{"ancestorTitles":["DeleteChapterDialog"],"fullName":"DeleteChapterDialog calls onCancel when cancel button clicked","status":"passed","title":"calls onCancel when cancel button clicked","duration":69.62182700634003,"failureMessages":[],"meta":{}},{"ancestorTitles":["DeleteChapterDialog"],"fullName":"DeleteChapterDialog calls onCreateReplacement when replacement button clicked","status":"passed","title":"calls onCreateReplacement when replacement button clicked","duration":75.31922300159931,"failureMessages":[],"meta":{}}],"startTime":1779383521979,"endTime":1779383522579.3193,"status":"passed","message":"","name":"/home/diogo.freitas/dgo/Contopia/frontend/src/__tests__/DeleteChapterDialog.test.jsx"},{"assertionResults":[{"ancestorTitles":["DraftsListPage"],"fullName":"DraftsListPage renders loading skeletons when isLoading is true","status":"passed","title":"renders loading skeletons when isLoading is true","duration":184.78213900327682,"failureMessages":[],"meta":{}},{"ancestorTitles":["DraftsListPage"],"fullName":"DraftsListPage renders empty state when no drafts exist","status":"passed","title":"renders empty state when no drafts exist","duration":17.980577006936073,"failureMessages":[],"meta":{}},{"ancestorTitles":["DraftsListPage"],"fullName":"DraftsListPage renders draft list with navigation buttons","status":"passed","title":"renders draft list with navigation buttons","duration":93.19771400094032,"failureMessages":[],"meta":{}},{"ancestorTitles":["DraftsListPage"],"fullName":"DraftsListPage renders draft with placeholder title when title is missing","status":"passed","title":"renders draft with placeholder title when title is missing","duration":15.033615991473198,"failureMessages":[],"meta":{}},{"ancestorTitles":["DraftsListPage"],"fullName":"DraftsListPage renders error state when error is present","status":"passed","title":"renders error state when error is present","duration":8.540224999189377,"failureMessages":[],"meta":{}},{"ancestorTitles":["DraftsListPage"],"fullName":"DraftsListPage renders main heading","status":"passed","title":"renders main heading","duration":16.492041006684303,"failureMessages":[],"meta":{}},{"ancestorTitles":["DraftsListPage"],"fullName":"DraftsListPage list has role=\"list\" and aria-label","status":"passed","title":"list has role=\"list\" and aria-label","duration":27.261022999882698,"failureMessages":[],"meta":{}}],"startTime":1779383522309,"endTime":1779383522672.261,"status":"passed","message":"","name":"/home/diogo.freitas/dgo/Contopia/frontend/src/__tests__/DraftsListPage.test.jsx"},{"assertionResults":[{"ancestorTitles":["EditorPage"],"fullName":"EditorPage renders sidebar and editor","status":"passed","title":"renders sidebar and editor","duration":128.0216840058565,"failureMessages":[],"meta":{}},{"ancestorTitles":["EditorPage"],"fullName":"EditorPage default active chapter is the first chapter","status":"passed","title":"default active chapter is the first chapter","duration":31.84223400056362,"failureMessages":[],"meta":{}},{"ancestorTitles":["EditorPage"],"fullName":"EditorPage renders editor with first chapter title","status":"passed","title":"renders editor with first chapter title","duration":19.713188007473946,"failureMessages":[],"meta":{}},{"ancestorTitles":["EditorPage"],"fullName":"EditorPage shows loading state when isLoading is true","status":"passed","title":"shows loading state when isLoading is true","duration":18.66881801187992,"failureMessages":[],"meta":{}},{"ancestorTitles":["EditorPage"],"fullName":"EditorPage calls onAddChapter when add button clicked","status":"passed","title":"calls onAddChapter when add button clicked","duration":126.12406100332737,"failureMessages":[],"meta":{}},{"ancestorTitles":["EditorPage"],"fullName":"EditorPage calls onRenameChapter when rename triggered","status":"passed","title":"calls onRenameChapter when rename triggered","duration":49.55003799498081,"failureMessages":[],"meta":{}},{"ancestorTitles":["EditorPage"],"fullName":"EditorPage calls onDeleteChapter when delete triggered","status":"passed","title":"calls onDeleteChapter when delete triggered","duration":36.681351006031036,"failureMessages":[],"meta":{}},{"ancestorTitles":["EditorPage"],"fullName":"EditorPage calls onSelectChapter and switches active chapter","status":"passed","title":"calls onSelectChapter and switches active chapter","duration":53.80443899333477,"failureMessages":[],"meta":{}},{"ancestorTitles":["EditorPage"],"fullName":"EditorPage passes correct chapters count to sidebar","status":"passed","title":"passes correct chapters count to sidebar","duration":13.077200010418892,"failureMessages":[],"meta":{}},{"ancestorTitles":["EditorPage"],"fullName":"EditorPage sets active chapter to newly created chapter on add onSuccess","status":"passed","title":"sets active chapter to newly created chapter on add onSuccess","duration":66.13513299822807,"failureMessages":[],"meta":{}},{"ancestorTitles":["EditorPage"],"fullName":"EditorPage switches to next chapter when deleting the active chapter onSuccess","status":"passed","title":"switches to next chapter when deleting the active chapter onSuccess","duration":45.09597800672054,"failureMessages":[],"meta":{}},{"ancestorTitles":["EditorPage"],"fullName":"EditorPage sets active chapter to null when deleting the last remaining chapter","status":"passed","title":"sets active chapter to null when deleting the last remaining chapter","duration":42.53793600201607,"failureMessages":[],"meta":{}},{"ancestorTitles":["EditorPage"],"fullName":"EditorPage does not change active chapter when deleting a non-active chapter","status":"passed","title":"does not change active chapter when deleting a non-active chapter","duration":82.9730170071125,"failureMessages":[],"meta":{}},{"ancestorTitles":["EditorPage"],"fullName":"EditorPage sets active chapter to first remaining when deleting first of many","status":"passed","title":"sets active chapter to first remaining when deleting first of many","duration":66.99606700241566,"failureMessages":[],"meta":{}},{"ancestorTitles":["EditorPage"],"fullName":"EditorPage passes isCreatingChapter=false to sidebar by default","status":"passed","title":"passes isCreatingChapter=false to sidebar by default","duration":11.234321996569633,"failureMessages":[],"meta":{}},{"ancestorTitles":["EditorPage"],"fullName":"EditorPage renders publish button when book status is draft","status":"passed","title":"renders publish button when book status is draft","duration":10.240187004208565,"failureMessages":[],"meta":{}},{"ancestorTitles":["EditorPage"],"fullName":"EditorPage calls flushDrafts and opens publish dialog on publish click","status":"passed","title":"calls flushDrafts and opens publish dialog on publish click","duration":32.484754011034966,"failureMessages":[],"meta":{}},{"ancestorTitles":["EditorPage"],"fullName":"EditorPage opens publish dialog even when flushDrafts fails","status":"passed","title":"opens publish dialog even when flushDrafts fails","duration":30.391745999455452,"failureMessages":[],"meta":{}},{"ancestorTitles":["EditorPage"],"fullName":"EditorPage closes dialog on cancel","status":"passed","title":"closes dialog on cancel","duration":66.82912400364876,"failureMessages":[],"meta":{}},{"ancestorTitles":["EditorPage"],"fullName":"EditorPage shows success toast and celebration on successful publish","status":"passed","title":"shows success toast and celebration on successful publish","duration":78.81430000066757,"failureMessages":[],"meta":{}},{"ancestorTitles":["EditorPage"],"fullName":"EditorPage sets empty content error code when publish fails with EMPTY_CONTENT","status":"passed","title":"sets empty content error code when publish fails with EMPTY_CONTENT","duration":76.15615101158619,"failureMessages":[],"meta":{}},{"ancestorTitles":["EditorPage"],"fullName":"EditorPage closes dialog on non-empty-content publish error and shows error toast","status":"passed","title":"closes dialog on non-empty-content publish error and shows error toast","duration":83.41816499829292,"failureMessages":[],"meta":{}},{"ancestorTitles":["EditorPage"],"fullName":"EditorPage calls updateChapter.mutateAsync on content change (covers handleContentChange)","status":"passed","title":"calls updateChapter.mutateAsync on content change (covers handleContentChange)","duration":46.95617499947548,"failureMessages":[],"meta":{}},{"ancestorTitles":["EditorPage"],"fullName":"EditorPage renders A11yAnnouncer with editing key when book is loaded","status":"passed","title":"renders A11yAnnouncer with editing key when book is loaded","duration":17.40743799507618,"failureMessages":[],"meta":{}},{"ancestorTitles":["EditorPage"],"fullName":"EditorPage does not render A11yAnnouncer when loading (loading screen shown instead)","status":"passed","title":"does not render A11yAnnouncer when loading (loading screen shown instead)","duration":3.4551810026168823,"failureMessages":[],"meta":{}},{"ancestorTitles":["EditorPage"],"fullName":"EditorPage renders PublishedEditBadge when book status is published","status":"passed","title":"renders PublishedEditBadge when book status is published","duration":6.213357999920845,"failureMessages":[],"meta":{}},{"ancestorTitles":["EditorPage"],"fullName":"EditorPage does not render PublishedEditBadge when book status is draft","status":"passed","title":"does not render PublishedEditBadge when book status is draft","duration":7.843201994895935,"failureMessages":[],"meta":{}},{"ancestorTitles":["EditorPage"],"fullName":"EditorPage does not render publish button when book status is published","status":"passed","title":"does not render publish button when book status is published","duration":5.801575005054474,"failureMessages":[],"meta":{}}],"startTime":1779383516084,"endTime":1779383517343.8015,"status":"passed","message":"","name":"/home/diogo.freitas/dgo/Contopia/frontend/src/__tests__/EditorPage.test.jsx"},{"assertionResults":[{"ancestorTitles":["EditorToolbar"],"fullName":"EditorToolbar renders toolbar with all action buttons","status":"passed","title":"renders toolbar with all action buttons","duration":102.84772799909115,"failureMessages":[],"meta":{}},{"ancestorTitles":["EditorToolbar"],"fullName":"EditorToolbar renders mobile format toggle button","status":"passed","title":"renders mobile format toggle button","duration":19.89477600157261,"failureMessages":[],"meta":{}},{"ancestorTitles":["EditorToolbar"],"fullName":"EditorToolbar calls editor.toggleBold when bold button clicked","status":"passed","title":"calls editor.toggleBold when bold button clicked","duration":55.52056300640106,"failureMessages":[],"meta":{}},{"ancestorTitles":["EditorToolbar"],"fullName":"EditorToolbar calls editor.toggleItalic when italic button clicked","status":"passed","title":"calls editor.toggleItalic when italic button clicked","duration":39.207323998212814,"failureMessages":[],"meta":{}},{"ancestorTitles":["EditorToolbar"],"fullName":"EditorToolbar calls editor.toggleHeading when heading button clicked","status":"passed","title":"calls editor.toggleHeading when heading button clicked","duration":36.21355000138283,"failureMessages":[],"meta":{}},{"ancestorTitles":["EditorToolbar"],"fullName":"EditorToolbar calls editor.setHorizontalRule when chapter break clicked","status":"passed","title":"calls editor.setHorizontalRule when chapter break clicked","duration":39.525177001953125,"failureMessages":[],"meta":{}},{"ancestorTitles":["EditorToolbar"],"fullName":"EditorToolbar calls editor.undo when undo button clicked","status":"passed","title":"calls editor.undo when undo button clicked","duration":34.49837800860405,"failureMessages":[],"meta":{}},{"ancestorTitles":["EditorToolbar"],"fullName":"EditorToolbar calls editor.redo when redo button clicked","status":"passed","title":"calls editor.redo when redo button clicked","duration":26.70464000105858,"failureMessages":[],"meta":{}},{"ancestorTitles":["EditorToolbar"],"fullName":"EditorToolbar disables all buttons when editor is null","status":"passed","title":"disables all buttons when editor is null","duration":56.7617240101099,"failureMessages":[],"meta":{}},{"ancestorTitles":["EditorToolbar"],"fullName":"EditorToolbar does not crash when editor is null and actions triggered","status":"passed","title":"does not crash when editor is null and actions triggered","duration":38.60373900830746,"failureMessages":[],"meta":{}},{"ancestorTitles":["EditorToolbar"],"fullName":"EditorToolbar shows active state for bold when editor.isActive returns true","status":"passed","title":"shows active state for bold when editor.isActive returns true","duration":8.874472990632057,"failureMessages":[],"meta":{}},{"ancestorTitles":["EditorToolbar"],"fullName":"EditorToolbar calls isActive with correct args for heading","status":"passed","title":"calls isActive with correct args for heading","duration":14.20957100391388,"failureMessages":[],"meta":{}},{"ancestorTitles":["EditorToolbar"],"fullName":"EditorToolbar renders with custom ariaLabel","status":"passed","title":"renders with custom ariaLabel","duration":8.259022995829582,"failureMessages":[],"meta":{}},{"ancestorTitles":["EditorToolbar"],"fullName":"EditorToolbar uses default translation key for aria-label when not provided","status":"passed","title":"uses default translation key for aria-label when not provided","duration":5.427969992160797,"failureMessages":[],"meta":{}},{"ancestorTitles":["EditorToolbar"],"fullName":"EditorToolbar collapses mobile toolbar when an action is triggered on mobile viewport","status":"passed","title":"collapses mobile toolbar when an 
[...]
ssed","title":"debounces resize events with default delay (150ms)","duration":24.582757011055946,"failureMessages":[],"meta":{}},{"ancestorTitles":["useDebouncedResize","resize behavior"],"fullName":"useDebouncedResize resize behavior debounces resize events with custom delay","status":"passed","title":"debounces resize events with custom delay","duration":9.630956992506981,"failureMessages":[],"meta":{}},{"ancestorTitles":["useDebouncedResize","resize behavior"],"fullName":"useDebouncedResize resize behavior clears previous timeout on rapid resize events","status":"passed","title":"clears previous timeout on rapid resize events","duration":9.09612600505352,"failureMessages":[],"meta":{}},{"ancestorTitles":["useDebouncedResize","resize behavior"],"fullName":"useDebouncedResize resize behavior updates dimensions after debounce delay","status":"passed","title":"updates dimensions after debounce delay","duration":5.840498000383377,"failureMessages":[],"meta":{}},{"ancestorTitles":["useDebouncedResize","cleanup"],"fullName":"useDebouncedResize cleanup removes event listener and clears timeout on unmount","status":"passed","title":"removes event listener and clears timeout on unmount","duration":6.874361991882324,"failureMessages":[],"meta":{}},{"ancestorTitles":["useDebouncedResize","cleanup"],"fullName":"useDebouncedResize cleanup cleans up timeout on unmount","status":"passed","title":"cleans up timeout on unmount","duration":3.125219002366066,"failureMessages":[],"meta":{}},{"ancestorTitles":["useDebouncedResize","responsive breakpoints"],"fullName":"useDebouncedResize responsive breakpoints detects mobile viewport (375px)","status":"passed","title":"detects mobile viewport (375px)","duration":2.8470479995012283,"failureMessages":[],"meta":{}},{"ancestorTitles":["useDebouncedResize","responsive breakpoints"],"fullName":"useDebouncedResize responsive breakpoints detects tablet viewport (768px)","status":"passed","title":"detects tablet viewport (768px)","duration":3.072160989046097,"failureMessages":[],"meta":{}},{"ancestorTitles":["useDebouncedResize","responsive breakpoints"],"fullName":"useDebouncedResize responsive breakpoints detects desktop viewport (1200px)","status":"passed","title":"detects desktop viewport (1200px)","duration":5.465645998716354,"failureMessages":[],"meta":{}}],"startTime":1779383520166,"endTime":1779383520261.4656,"status":"passed","message":"","name":"/home/diogo.freitas/dgo/Contopia/frontend/src/__tests__/useDebouncedResize.test.js"},{"assertionResults":[{"ancestorTitles":["useDeleteChapter"],"fullName":"useDeleteChapter calls apiClient.delete with correct URL","status":"passed","title":"calls apiClient.delete with correct URL","duration":80.2994029968977,"failureMessages":[],"meta":{}},{"ancestorTitles":["useDeleteChapter"],"fullName":"useDeleteChapter invalidates chapters query on success","status":"passed","title":"invalidates chapters query on success","duration":11.003711000084877,"failureMessages":[],"meta":{}},{"ancestorTitles":["useDeleteChapter"],"fullName":"useDeleteChapter propagates error from apiClient","status":"passed","title":"propagates error from apiClient","duration":62.673879995942116,"failureMessages":[],"meta":{}}],"startTime":1779383530356,"endTime":1779383530510.6738,"status":"passed","message":"","name":"/home/diogo.freitas/dgo/Contopia/frontend/src/__tests__/useDeleteChapter.test.jsx"},{"assertionResults":[{"ancestorTitles":["useDraftRecovery"],"fullName":"useDraftRecovery returns hasDraft: false when no draft exists","status":"passed","title":"returns hasDraft: false when no draft exists","duration":26.995737999677658,"failureMessages":[],"meta":{}},{"ancestorTitles":["useDraftRecovery"],"fullName":"useDraftRecovery returns hasDraft: true when draft exists and content is local-only","status":"passed","title":"returns hasDraft: true when draft exists and content is local-only","duration":55.29390899837017,"failureMessages":[],"meta":{}},{"ancestorTitles":["useDraftRecovery"],"fullName":"useDraftRecovery shows conflict warning when draft timestamp diverges >5 min from server","status":"passed","title":"shows conflict warning when draft timestamp diverges >5 min from server","duration":56.79867400228977,"failureMessages":[],"meta":{}},{"ancestorTitles":["useDraftRecovery"],"fullName":"useDraftRecovery no conflict when divergence is <= 5 minutes","status":"passed","title":"no conflict when divergence is <= 5 minutes","duration":55.287752002477646,"failureMessages":[],"meta":{}},{"ancestorTitles":["useDraftRecovery"],"fullName":"useDraftRecovery restoreDraft returns saved content","status":"passed","title":"restoreDraft returns saved content","duration":55.32984800636768,"failureMessages":[],"meta":{}},{"ancestorTitles":["useDraftRecovery"],"fullName":"useDraftRecovery restoreDraft returns null when no draft in IDB (fallback to localStorage)","status":"passed","title":"restoreDraft returns null when no draft in IDB (fallback to localStorage)","duration":62.59749199450016,"failureMessages":[],"meta":{}},{"ancestorTitles":["useDraftRecovery"],"fullName":"useDraftRecovery restoreDraft handles localStorage with IndexedDB fallback chain","status":"passed","title":"restoreDraft handles localStorage with IndexedDB fallback chain","duration":57.82691200077534,"failureMessages":[],"meta":{}},{"ancestorTitles":["useDraftRecovery"],"fullName":"useDraftRecovery discardDraft removes draft and clears state","status":"passed","title":"discardDraft removes draft and clears state","duration":58.556498005986214,"failureMessages":[],"meta":{}},{"ancestorTitles":["useDraftRecovery"],"fullName":"useDraftRecovery uses the latest draft when both IDB and localStorage have drafts","status":"passed","title":"uses the latest draft when both IDB and localStorage have drafts","duration":53.99586699903011,"failureMessages":[],"meta":{}},{"ancestorTitles":["useDraftRecovery"],"fullName":"useDraftRecovery handles null bookId or chapterId gracefully","status":"passed","title":"handles null bookId or chapterId gracefully","duration":1.8971820026636124,"failureMessages":[],"meta":{}},{"ancestorTitles":["useDraftRecovery"],"fullName":"useDraftRecovery does not set state after unmount","status":"passed","title":"does not set state after unmount","duration":155.83450700342655,"failureMessages":[],"meta":{}},{"ancestorTitles":["useDraftRecovery"],"fullName":"useDraftRecovery uses emergency localStorage draft when no IDB draft exists","status":"passed","title":"uses emergency localStorage draft when no IDB draft exists","duration":56.1601410061121,"failureMessages":[],"meta":{}},{"ancestorTitles":["useDraftRecovery"],"fullName":"useDraftRecovery cleans up corrupted emergency localStorage","status":"passed","title":"cleans up corrupted emergency localStorage","duration":12.728711992502213,"failureMessages":[],"meta":{}}],"startTime":1779383517968,"endTime":1779383518677.7288,"status":"passed","message":"","name":"/home/diogo.freitas/dgo/Contopia/frontend/src/__tests__/useDraftRecovery.test.js"},{"assertionResults":[],"startTime":1779383513733,"endTime":1779383513733,"status":"failed","message":"Failed to parse source for import analysis because the content contains invalid JS syntax. If you are using JSX, make sure to name the file with the .jsx or .tsx extension.","name":"/home/diogo.freitas/dgo/Contopia/frontend/src/__tests__/useDraftsQuery.test.js"},{"assertionResults":[{"ancestorTitles":["useNetworkStatus"],"fullName":"useNetworkStatus returns initial isOnline = true when navigator.onLine is true","status":"passed","title":"returns initial isOnline = true when navigator.onLine is true","duration":35.501657009124756,"failureMessages":[],"meta":{}},{"ancestorTitles":["useNetworkStatus"],"fullName":"useNetworkStatus returns initial isOnline = false when navigator.onLine is false","status":"passed","title":"returns initial isOnline = false when navigator.onLine is false","duration":6.185158997774124,"failureMessages":[],"meta":{}},{"ancestorTitles":["useNetworkStatus"],"fullName":"useNetworkStatus sets isOnline to true and wasOffline to true on online event","status":"passed","title":"sets isOnline to true and wasOffline to true on online event","duration":10.893017008900642,"failureMessages":[],"meta":{}},{"ancestorTitles":["useNetworkStatus"],"fullName":"useNetworkStatus sets isOnline to false on offline event","status":"passed","title":"sets isOnline to false on offline event","duration":6.720054998993874,"failureMessages":[],"meta":{}},{"ancestorTitles":["useNetworkStatus"],"fullName":"useNetworkStatus wasOffline resets to false when going offline again","status":"passed","title":"wasOffline resets to false when going offline again","duration":9.289897993206978,"failureMessages":[],"meta":{}},{"ancestorTitles":["useNetworkStatus"],"fullName":"useNetworkStatus cleans up event listeners on unmount","status":"passed","title":"cleans up event listeners on unmount","duration":11.843487992882729,"failureMessages":[],"meta":{}},{"ancestorTitles":["useNetworkStatus"],"fullName":"useNetworkStatus does not crash when navigator is undefined (SSR)","status":"passed","title":"does not crash when navigator is undefined (SSR)","duration":3.8867459893226624,"failureMessages":[],"meta":{}}],"startTime":1779383524901,"endTime":1779383524985.8867,"status":"passed","message":"","name":"/home/diogo.freitas/dgo/Contopia/frontend/src/__tests__/useNetworkStatus.test.js"},{"assertionResults":[{"ancestorTitles":["usePublishBook"],"fullName":"usePublishBook calls apiClient.post with /v1/books/{id}/publish","status":"passed","title":"calls apiClient.post with /v1/books/{id}/publish","duration":115.29060100018978,"failureMessages":[],"meta":{}},{"ancestorTitles":["usePublishBook"],"fullName":"usePublishBook invalidates books query on success","status":"passed","title":"invalidates books query on success","duration":25.965048000216484,"failureMessages":[],"meta":{}},{"ancestorTitles":["usePublishBook"],"fullName":"usePublishBook propagates publish error","status":"passed","title":"propagates publish error","duration":73.60401000082493,"failureMessages":[],"meta":{}}],"startTime":1779383528229,"endTime":1779383528444.604,"status":"passed","message":"","name":"/home/diogo.freitas/dgo/Contopia/frontend/src/__tests__/usePublishBook.test.jsx"},{"assertionResults":[{"ancestorTitles":["usePulledOutBook","pullOut"],"fullName":"usePulledOutBook pullOut sets pulledOutBookId when pullOut is called","status":"passed","title":"sets pulledOutBookId when pullOut is called","duration":28.916969999670982,"failureMessages":[],"meta":{}},{"ancestorTitles":["usePulledOutBook","pullOut"],"fullName":"usePulledOutBook pullOut replaces previous pulledOutBookId when pullOut is called with different id","status":"passed","title":"replaces previous pulledOutBookId when pullOut is called with different id","duration":3.218739002943039,"failureMessages":[],"meta":{}},{"ancestorTitles":["usePulledOutBook","dismiss"],"fullName":"usePulledOutBook dismiss clears pulledOutBookId when dismiss is called","status":"passed","title":"clears pulledOutBookId when dismiss is called","duration":4.273341998457909,"failureMessages":[],"meta":{}},{"ancestorTitles":["usePulledOutBook","dismiss"],"fullName":"usePulledOutBook dismiss is safe to call dismiss when no book is pulled out","status":"passed","title":"is safe to call dismiss when no book is pulled out","duration":3.939178988337517,"failureMessages":[],"meta":{}},{"ancestorTitles":["usePulledOutBook","toggle"],"fullName":"usePulledOutBook toggle sets pulledOutBookId when toggling a non-pulled-out book","status":"passed","title":"sets pulledOutBookId when toggling a non-pulled-out book","duration":2.268662005662918,"failureMessages":[],"meta":{}},{"ancestorTitles":["usePulledOutBook","toggle"],"fullName":"usePulledOutBook toggle clears pulledOutBookId when toggling the already-pulled-out book","status":"passed","title":"clears pulledOutBookId when toggling the already-pulled-out book","duration":1.6899169981479645,"failureMessages":[],"meta":{}},{"ancestorTitles":["usePulledOutBook","toggle"],"fullName":"usePulledOutBook toggle switches to new book id when toggling a different book","status":"passed","title":"switches to new book id when toggling a different book","duration":2.449201002717018,"failureMessages":[],"meta":{}},{"ancestorTitles":["usePulledOutBook","isPulledOut"],"fullName":"usePulledOutBook isPulledOut returns true for the pulled-out book id","status":"passed","title":"returns true for the pulled-out book id","duration":2.4176909923553467,"failureMessages":[],"meta":{}},{"ancestorTitles":["usePulledOutBook","isPulledOut"],"fullName":"usePulledOutBook isPulledOut returns false for a different book id","status":"passed","title":"returns false for a different book id","duration":2.5293669998645782,"failureMessages":[],"meta":{}},{"ancestorTitles":["usePulledOutBook","isPulledOut"],"fullName":"usePulledOutBook isPulledOut returns false when no book is pulled out","status":"passed","title":"returns false when no book is pulled out","duration":1.904112994670868,"failureMessages":[],"meta":{}},{"ancestorTitles":["usePulledOutBook","isPulledOut"],"fullName":"usePulledOutBook isPulledOut updates correctly after pulling out a different book","status":"passed","title":"updates correctly after pulling out a different book","duration":4.6093730032444,"failureMessages":[],"meta":{}},{"ancestorTitles":["usePulledOutBook","duration (reduced motion)"],"fullName":"usePulledOutBook duration (reduced motion) returns 0.3 when prefers-reduced-motion is false","status":"passed","title":"returns 0.3 when prefers-reduced-motion is false","duration":1.9658899903297424,"failureMessages":[],"meta":{}},{"ancestorTitles":["usePulledOutBook","duration (reduced motion)"],"fullName":"usePulledOutBook duration (reduced motion) returns 0 when prefers-reduced-motion is true","status":"passed","title":"returns 0 when prefers-reduced-motion is true","duration":5.178203999996185,"failureMessages":[],"meta":{}},{"ancestorTitles":["usePulledOutBook","placeBack"],"fullName":"usePulledOutBook placeBack sets isPlacingBack to true when placeBack is called","status":"passed","title":"sets isPlacingBack to true when placeBack is called","duration":3.7336390018463135,"failureMessages":[],"meta":{}},{"ancestorTitles":["usePulledOutBook","placeBack"],"fullName":"usePulledOutBook placeBack clears pulledOutBookId after animation duration","status":"passed","title":"clears pulledOutBookId after animation duration","duration":2.6195330023765564,"failureMessages":[],"meta":{}},{"ancestorTitles":["usePulledOutBook","placeBack"],"fullName":"usePulledOutBook placeBack clears isPlacingBack after animation duration","status":"passed","title":"clears isPlacingBack after animation duration","duration":2.2743280082941055,"failureMessages":[],"meta":{}},{"ancestorTitles":["usePulledOutBook","placeBack"],"fullName":"usePulledOutBook placeBack uses 0ms duration when reduced motion is enabled","status":"passed","title":"uses 0ms duration when reduced motion is enabled","duration":3.04797799885273,"failureMessages":[],"meta":{}},{"ancestorTitles":["usePulledOutBook","toggle clears placeBack timeout"],"fullName":"usePulledOutBook toggle clears placeBack timeout clears timeout when toggle is called during place-back animation","status":"passed","title":"clears timeout when toggle is called during place-back animation","duration":10.235094994306564,"failureMessages":[],"meta":{}},{"ancestorTitles":["usePulledOutBook","toggle clears placeBack timeout"],"fullName":"usePulledOutBook toggle clears placeBack timeout clears isPlacingBack when toggle is called","status":"passed","title":"clears isPlacingBack when toggle is called","duration":2.1779920011758804,"failureMessages":[],"meta":{}},{"ancestorTitles":["usePulledOutBook","toggle clears placeBack timeout"],"fullName":"usePulledOutBook toggle clears placeBack timeout handles rapid place-back then toggle without state corruption","status":"passed","title":"handles rapid place-back then toggle without state corruption","duration":2.3583000004291534,"failureMessages":[],"meta":{}},{"ancestorTitles":["usePulledOutBook","rapid toggling (race condition safety)"],"fullName":"usePulledOutBook rapid toggling (race condition safety) handles rapid toggle calls without state corruption","status":"passed","title":"handles rapid toggle calls without state corruption","duration":1.7014929950237274,"failureMessages":[],"meta":{}},{"ancestorTitles":["usePulledOutBook","rapid toggling (race condition safety)"],"fullName":"usePulledOutBook rapid toggling (race condition safety) handles rapid pullOut calls without state corruption","status":"passed","title":"handles rapid pullOut calls without state corruption","duration":1.6752700060606003,"failureMessages":[],"meta":{}},{"ancestorTitles":["usePulledOutBook","rapid toggling (race condition safety)"],"fullName":"usePulledOutBook rapid toggling (race condition safety) handles mixed rapid operations","status":"passed","title":"handles mixed rapid operations","duration":1.5297449976205826,"failureMessages":[],"meta":{}},{"ancestorTitles":["usePulledOutBook","rapid toggling (race condition safety)"],"fullName":"usePulledOutBook rapid toggling (race condition safety) handles rapid place-back cycles without animation stacking","status":"passed","title":"handles rapid place-back cycles without animation stacking","duration":2.0222050100564957,"failureMessages":[],"meta":{}}],"startTime":1779383517185,"endTime":1779383517285.0222,"status":"passed","message":"","name":"/home/diogo.freitas/dgo/Contopia/frontend/src/__tests__/usePulledOutBook.test.js"},{"assertionResults":[{"ancestorTitles":["useReorderChapters"],"fullName":"useReorderChapters calls apiClient.patch with reorder payload","status":"passed","title":"calls apiClient.patch with reorder payload","duration":72.97974799573421,"failureMessages":[],"meta":{}},{"ancestorTitles":["useReorderChapters"],"fullName":"useReorderChapters performs optimistic update on mutate","status":"passed","title":"performs optimistic update on mutate","duration":15.590253993868828,"failureMessages":[],"meta":{}},{"ancestorTitles":["useReorderChapters"],"fullName":"useReorderChapters rolls back on error","status":"passed","title":"rolls back on error","duration":65.08906899392605,"failureMessages":[],"meta":{}},{"ancestorTitles":["useReorderChapters"],"fullName":"useReorderChapters invalidates chapters query on settle","status":"passed","title":"invalidates chapters query on settle","duration":32.44888500869274,"failureMessages":[],"meta":{}}],"startTime":1779383525943,"endTime":1779383526129.449,"status":"passed","message":"","name":"/home/diogo.freitas/dgo/Contopia/frontend/src/__tests__/useReorderChapters.test.jsx"},{"assertionResults":[{"ancestorTitles":["useUpdateChapter"],"fullName":"useUpdateChapter calls apiClient.put with /v1/chapters/:id and updates","status":"passed","title":"calls apiClient.put with /v1/chapters/:id and updates","duration":128.51438799500465,"failureMessages":[],"meta":{}},{"ancestorTitles":["useUpdateChapter"],"fullName":"useUpdateChapter invalidates chapters query on success","status":"passed","title":"invalidates chapters query on success","duration":9.367407992482185,"failureMessages":[],"meta":{}},{"ancestorTitles":["useUpdateChapter"],"fullName":"useUpdateChapter invalidates books query on success (STORY-021)","status":"passed","title":"invalidates books query on success (STORY-021)","duration":14.428889006376266,"failureMessages":[],"meta":{}},{"ancestorTitles":["useUpdateChapter"],"fullName":"useUpdateChapter propagates error from apiClient","status":"passed","title":"propagates error from apiClient","duration":61.5667259991169,"failureMessages":[],"meta":{}}],"startTime":1779383527586,"endTime":1779383527799.5667,"status":"passed","message":"","name":"/home/diogo.freitas/dgo/Contopia/frontend/src/__tests__/useUpdateChapter.test.jsx"}]}